<?xml version="1.0" encoding="UTF-8"?>
<!-- Generated by org.testng.reporters.JUnitReportReporter -->
<testsuite hostname="WINAA9G4Q7W3" failures="0" tests="3" name="api.test.DDtest" time="6.938" errors="0" timestamp="2023-08-17T14:42:30 IST" skipped="0">
  <testcase classname="api.test.DDtest" name="testPostUser" time="2.284"/>
  <testcase classname="api.test.DDtest" name="testPostUser" time="3.325"/>
  <testcase classname="api.test.DDtest" name="testPostUser" time="1.329"/>
</testsuite> <!-- api.test.DDtest -->
